# JRE version: OpenJDK Runtime Environment Temurin-21.0.10+7 (21.0.10+7) (build 21.0.10+7-LTS)
# Java VM: OpenJDK 64-Bit Server VM Temurin-21.0.10+7 (21.0.10+7-LTS, mixed mode, sharing, tiered, compressed oops, compressed class ptrs, parallel gc, windows-amd64)
GC Precious Log:
 CardTable entry size: 512
 CPUs: 8 total, 8 available
 Memory: 7792M
 Large Page Support: Disabled
 NUMA Support: Disabled
 Compressed Oops: Enabled (32-bit)
 Alignments: Space 512K, Generation 512K, Heap 2M
 Heap Min Capacity: 100M
 Heap Initial Capacity: 100M
 Heap Max Capacity: 2G
 Pre-touch: Disabled
 Parallel Workers: 8
Heap:
 PSYoungGen      total 25088K, used 17816K [0x00000000d5580000, 0x00000000d7300000, 0x0000000100000000)
  eden space 23040K, 69% used [0x00000000d5580000,0x00000000d6512190,0x00000000d6c00000)
  from space 2048K, 91% used [0x00000000d6c00000,0x00000000d6dd4020,0x00000000d6e00000)
  to   space 2048K, 0% used [0x00000000d7100000,0x00000000d7100000,0x00000000d7300000)
 ParOldGen       total 68608K, used 39574K [0x0000000080000000, 0x0000000084300000, 0x00000000d5580000)
  object space 68608K, 57% used [0x0000000080000000,0x00000000826a5ae8,0x0000000084300000)
 Metaspace       used 54007K, committed 55360K, reserved 1114112K
  class space    used 5930K, committed 6464K, reserved 1048576K
GC Heap History (20 events):
Event: 33.070 GC heap after
{Heap after GC invocations=17 (full 2):
 PSYoungGen      total 24064K, used 2000K [0x00000000d5580000, 0x00000000d7180000, 0x0000000100000000)
  eden space 22016K, 0% used [0x00000000d5580000,0x00000000d5580000,0x00000000d6b00000)
  from space 2048K, 97% used [0x00000000d6d80000,0x00000000d6f74010,0x00000000d6f80000)
  to   space 2048K, 0% used [0x00000000d6f80000,0x00000000d6f80000,0x00000000d7180000)
 ParOldGen       total 68608K, used 19913K [0x0000000080000000, 0x0000000084300000, 0x00000000d5580000)
  object space 68608K, 29% used [0x0000000080000000,0x00000000813726f8,0x0000000084300000)
 Metaspace       used 38869K, committed 40064K, reserved 1114112K
  class space    used 4095K, committed 4608K, reserved 1048576K
}
Event: 33.400 GC heap before
{Heap before GC invocations=18 (full 2):
 PSYoungGen      total 24064K, used 24016K [0x00000000d5580000, 0x00000000d7180000, 0x0000000100000000)
  eden space 22016K, 100% used [0x00000000d5580000,0x00000000d6b00000,0x00000000d6b00000)
  from space 2048K, 97% used [0x00000000d6d80000,0x00000000d6f74010,0x00000000d6f80000)
  to   space 2048K, 0% used [0x00000000d6f80000,0x00000000d6f80000,0x00000000d7180000)
 ParOldGen       total 68608K, used 19913K [0x0000000080000000, 0x0000000084300000, 0x00000000d5580000)
  object space 68608K, 29% used [0x0000000080000000,0x00000000813726f8,0x0000000084300000)
 Metaspace       used 41111K, committed 42304K, reserved 1114112K
  class space    used 4362K, committed 4928K, reserved 1048576K
}
Event: 33.404 GC heap after
{Heap after GC invocations=18 (full 2):
 PSYoungGen      total 24064K, used 1554K [0x00000000d5580000, 0x00000000d7180000, 0x0000000100000000)
  eden space 22016K, 0% used [0x00000000d5580000,0x00000000d5580000,0x00000000d6b00000)
  from space 2048K, 75% used [0x00000000d6f80000,0x00000000d7104a80,0x00000000d7180000)
  to   space 2048K, 0% used [0x00000000d6d80000,0x00000000d6d80000,0x00000000d6f80000)
 ParOldGen       total 68608K, used 21648K [0x0000000080000000, 0x0000000084300000, 0x00000000d5580000)
  object space 68608K, 31% used [0x0000000080000000,0x0000000081524018,0x0000000084300000)
 Metaspace       used 41111K, committed 42304K, reserved 1114112K
  class space    used 4362K, committed 4928K, reserved 1048576K
}
Event: 33.630 GC heap before
{Heap before GC invocations=19 (full 2):
 PSYoungGen      total 24064K, used 23570K [0x00000000d5580000, 0x00000000d7180000, 0x0000000100000000)
  eden space 22016K, 100% used [0x00000000d5580000,0x00000000d6b00000,0x00000000d6b00000)
  from space 2048K, 75% used [0x00000000d6f80000,0x00000000d7104a80,0x00000000d7180000)
  to   space 2048K, 0% used [0x00000000d6d80000,0x00000000d6d80000,0x00000000d6f80000)
 ParOldGen       total 68608K, used 21648K [0x0000000080000000, 0x0000000084300000, 0x00000000d5580000)
  object space 68608K, 31% used [0x0000000080000000,0x0000000081524018,0x0000000084300000)
 Metaspace       used 43484K, committed 44608K, reserved 1114112K
  class space    used 4644K, committed 5120K, reserved 1048576K
}
Event: 33.634 GC heap after
{Heap after GC invocations=19 (full 2):
 PSYoungGen      total 23552K, used 1161K [0x00000000d5580000, 0x00000000d7000000, 0x0000000100000000)
  eden space 22016K, 0% used [0x00000000d5580000,0x00000000d5580000,0x00000000d6b00000)
  from space 1536K, 75% used [0x00000000d6d80000,0x00000000d6ea2460,0x00000000d6f00000)
  to   space 1024K, 0% used [0x00000000d6f00000,0x00000000d6f00000,0x00000000d7000000)
 ParOldGen       total 68608K, used 22937K [0x0000000080000000, 0x0000000084300000, 0x00000000d5580000)
  object space 68608K, 33% used [0x0000000080000000,0x0000000081666550,0x0000000084300000)
 Metaspace       used 43484K, committed 44608K, reserved 1114112K
  class space    used 4644K, committed 5120K, reserved 1048576K
}
Event: 33.848 GC heap before
{Heap before GC invocations=20 (full 2):
 PSYoungGen      total 23552K, used 23177K [0x00000000d5580000, 0x00000000d7000000, 0x0000000100000000)
  eden space 22016K, 100% used [0x00000000d5580000,0x00000000d6b00000,0x00000000d6b00000)
  from space 1536K, 75% used [0x00000000d6d80000,0x00000000d6ea2460,0x00000000d6f00000)
  to   space 1024K, 0% used [0x00000000d6f00000,0x00000000d6f00000,0x00000000d7000000)
 ParOldGen       total 68608K, used 22937K [0x0000000080000000, 0x0000000084300000, 0x00000000d5580000)
  object space 68608K, 33% used [0x0000000080000000,0x0000000081666550,0x0000000084300000)
 Metaspace       used 45773K, committed 47040K, reserved 1114112K
  class space    used 4956K, committed 5504K, reserved 1048576K
}
Event: 33.855 GC heap after
{Heap after GC invocations=20 (full 2):
 PSYoungGen      total 20992K, used 1005K [0x00000000d5580000, 0x00000000d7700000, 0x0000000100000000)
  eden space 19968K, 0% used [0x00000000d5580000,0x00000000d5580000,0x00000000d6900000)
  from space 1024K, 98% used [0x00000000d6f00000,0x00000000d6ffb750,0x00000000d7000000)
  to   space 6144K, 0% used [0x00000000d6900000,0x00000000d6900000,0x00000000d6f00000)
 ParOldGen       total 68608K, used 27260K [0x0000000080000000, 0x0000000084300000, 0x00000000d5580000)
  object space 68608K, 39% used [0x0000000080000000,0x0000000081a9f250,0x0000000084300000)
 Metaspace       used 45773K, committed 47040K, reserved 1114112K
  class space    used 4956K, committed 5504K, reserved 1048576K
}
Event: 34.032 GC heap before
{Heap before GC invocations=21 (full 2):
 PSYoungGen      total 20992K, used 20973K [0x00000000d5580000, 0x00000000d7700000, 0x0000000100000000)
  eden space 19968K, 100% used [0x00000000d5580000,0x00000000d6900000,0x00000000d6900000)
  from space 1024K, 98% used [0x00000000d6f00000,0x00000000d6ffb750,0x00000000d7000000)
  to   space 6144K, 0% used [0x00000000d6900000,0x00000000d6900000,0x00000000d6f00000)
 ParOldGen       total 68608K, used 27260K [0x0000000080000000, 0x0000000084300000, 0x00000000d5580000)
  object space 68608K, 39% used [0x0000000080000000,0x0000000081a9f250,0x0000000084300000)
 Metaspace       used 47116K, committed 48320K, reserved 1114112K
  class space    used 5127K, committed 5696K, reserved 1048576K
}
Event: 34.037 GC heap after
{Heap after GC invocations=21 (full 2):
 PSYoungGen      total 26112K, used 6114K [0x00000000d5580000, 0x00000000d7900000, 0x0000000100000000)
  eden space 19968K, 0% used [0x00000000d5580000,0x00000000d5580000,0x00000000d6900000)
  from space 6144K, 99% used [0x00000000d6900000,0x00000000d6ef88c8,0x00000000d6f00000)
  to   space 8192K, 0% used [0x00000000d7100000,0x00000000d7100000,0x00000000d7900000)
 ParOldGen       total 68608K, used 28444K [0x0000000080000000, 0x0000000084300000, 0x00000000d5580000)
  object space 68608K, 41% used [0x0000000080000000,0x0000000081bc73c8,0x0000000084300000)
 Metaspace       used 47116K, committed 48320K, reserved 1114112K
  class space    used 5127K, committed 5696K, reserved 1048576K
}
Event: 34.391 GC heap before
{Heap before GC invocations=22 (full 2):
 PSYoungGen      total 26112K, used 26082K [0x00000000d5580000, 0x00000000d7900000, 0x0000000100000000)
  eden space 19968K, 100% used [0x00000000d5580000,0x00000000d6900000,0x00000000d6900000)
  from space 6144K, 99% used [0x00000000d6900000,0x00000000d6ef88c8,0x00000000d6f00000)
  to   space 8192K, 0% used [0x00000000d7100000,0x00000000d7100000,0x00000000d7900000)
 ParOldGen       total 68608K, used 28444K [0x0000000080000000, 0x0000000084300000, 0x00000000d5580000)
  object space 68608K, 41% used [0x0000000080000000,0x0000000081bc73c8,0x0000000084300000)
 Metaspace       used 49282K, committed 50560K, reserved 1114112K
  class space    used 5440K, committed 6016K, reserved 1048576K
}
Event: 34.398 GC heap after
{Heap after GC invocations=22 (full 2):
 PSYoungGen      total 22528K, used 2304K [0x00000000d5580000, 0x00000000d7380000, 0x0000000100000000)
  eden space 19968K, 0% used [0x00000000d5580000,0x00000000d5580000,0x00000000d6900000)
  from space 2560K, 90% used [0x00000000d7100000,0x00000000d7340000,0x00000000d7380000)
  to   space 4608K, 0% used [0x00000000d6a80000,0x00000000d6a80000,0x00000000d6f00000)
 ParOldGen       total 68608K, used 34530K [0x0000000080000000, 0x0000000084300000, 0x00000000d5580000)
  object space 68608K, 50% used [0x0000000080000000,0x00000000821b88a0,0x0000000084300000)
 Metaspace       used 49282K, committed 50560K, reserved 1114112K
  class space    used 5440K, committed 6016K, reserved 1048576K
}
Event: 35.008 GC heap before
{Heap before GC invocations=23 (full 2):
 PSYoungGen      total 22528K, used 22271K [0x00000000d5580000, 0x00000000d7380000, 0x0000000100000000)
  eden space 19968K, 99% used [0x00000000d5580000,0x00000000d68ffff0,0x00000000d6900000)
  from space 2560K, 90% used [0x00000000d7100000,0x00000000d7340000,0x00000000d7380000)
  to   space 4608K, 0% used [0x00000000d6a80000,0x00000000d6a80000,0x00000000d6f00000)
 ParOldGen       total 68608K, used 34530K [0x0000000080000000, 0x0000000084300000, 0x00000000d5580000)
  object space 68608K, 50% used [0x0000000080000000,0x00000000821b88a0,0x0000000084300000)
 Metaspace       used 51479K, committed 52736K, reserved 1114112K
  class space    used 5682K, committed 6272K, reserved 1048576K
}
Event: 35.012 GC heap after
{Heap after GC invocations=23 (full 2):
 PSYoungGen      total 24576K, used 1243K [0x00000000d5580000, 0x00000000d7180000, 0x0000000100000000)
  eden space 19968K, 0% used [0x00000000d5580000,0x00000000d5580000,0x00000000d6900000)
  from space 4608K, 26% used [0x00000000d6a80000,0x00000000d6bb6ea8,0x00000000d6f00000)
  to   space 2048K, 0% used [0x00000000d6f80000,0x00000000d6f80000,0x00000000d7180000)
 ParOldGen       total 68608K, used 36678K [0x0000000080000000, 0x0000000084300000, 0x00000000d5580000)
  object space 68608K, 53% used [0x0000000080000000,0x00000000823d1938,0x0000000084300000)
 Metaspace       used 51479K, committed 52736K, reserved 1114112K
  class space    used 5682K, committed 6272K, reserved 1048576K
}
Event: 35.713 GC heap before
{Heap before GC invocations=24 (full 2):
 PSYoungGen      total 24576K, used 21211K [0x00000000d5580000, 0x00000000d7180000, 0x0000000100000000)
  eden space 19968K, 100% used [0x00000000d5580000,0x00000000d6900000,0x00000000d6900000)
  from space 4608K, 26% used [0x00000000d6a80000,0x00000000d6bb6ea8,0x00000000d6f00000)
  to   space 2048K, 0% used [0x00000000d6f80000,0x00000000d6f80000,0x00000000d7180000)
 ParOldGen       total 68608K, used 36678K [0x0000000080000000, 0x0000000084300000, 0x00000000d5580000)
  object space 68608K, 53% used [0x0000000080000000,0x00000000823d1938,0x0000000084300000)
 Metaspace       used 51558K, committed 52864K, reserved 1114112K
  class space    used 5690K, committed 6272K, reserved 1048576K
}
Event: 35.715 GC heap after
{Heap after GC invocations=24 (full 2):
 PSYoungGen      total 20480K, used 317K [0x00000000d5580000, 0x00000000d7000000, 0x0000000100000000)
  eden space 19968K, 0% used [0x00000000d5580000,0x00000000d5580000,0x00000000d6900000)
  from space 512K, 62% used [0x00000000d6f80000,0x00000000d6fcf600,0x00000000d7000000)
  to   space 1024K, 0% used [0x00000000d6e00000,0x00000000d6e00000,0x00000000d6f00000)
 ParOldGen       total 68608K, used 37733K [0x0000000080000000, 0x0000000084300000, 0x00000000d5580000)
  object space 68608K, 54% used [0x0000000080000000,0x00000000824d9668,0x0000000084300000)
 Metaspace       used 51558K, committed 52864K, reserved 1114112K
  class space    used 5690K, committed 6272K, reserved 1048576K
}
Event: 36.059 GC heap before
{Heap before GC invocations=25 (full 2):
 PSYoungGen      total 20480K, used 20285K [0x00000000d5580000, 0x00000000d7000000, 0x0000000100000000)
  eden space 19968K, 100% used [0x00000000d5580000,0x00000000d6900000,0x00000000d6900000)
  from space 512K, 62% used [0x00000000d6f80000,0x00000000d6fcf600,0x00000000d7000000)
  to   space 1024K, 0% used [0x00000000d6e00000,0x00000000d6e00000,0x00000000d6f00000)
 ParOldGen       total 68608K, used 37733K [0x0000000080000000, 0x0000000084300000, 0x00000000d5580000)
  object space 68608K, 54% used [0x0000000080000000,0x00000000824d9668,0x0000000084300000)
 Metaspace       used 51916K, committed 53184K, reserved 1114112K
  class space    used 5726K, committed 6272K, reserved 1048576K
}
Event: 36.060 GC heap after
{Heap after GC invocations=25 (full 2):
 PSYoungGen      total 20992K, used 704K [0x00000000d5580000, 0x00000000d7000000, 0x0000000100000000)
  eden space 19968K, 0% used [0x00000000d5580000,0x00000000d5580000,0x00000000d6900000)
  from space 1024K, 68% used [0x00000000d6e00000,0x00000000d6eb0000,0x00000000d6f00000)
  to   space 1024K, 0% used [0x00000000d6f00000,0x00000000d6f00000,0x00000000d7000000)
 ParOldGen       total 68608K, used 37821K [0x0000000080000000, 0x0000000084300000, 0x00000000d5580000)
  object space 68608K, 55% used [0x0000000080000000,0x00000000824ef668,0x0000000084300000)
 Metaspace       used 51916K, committed 53184K, reserved 1114112K
  class space    used 5726K, committed 6272K, reserved 1048576K
}
Event: 36.473 GC heap before
{Heap before GC invocations=26 (full 2):
 PSYoungGen      total 20992K, used 20672K [0x00000000d5580000, 0x00000000d7000000, 0x0000000100000000)
  eden space 19968K, 100% used [0x00000000d5580000,0x00000000d6900000,0x00000000d6900000)
  from space 1024K, 68% used [0x00000000d6e00000,0x00000000d6eb0000,0x00000000d6f00000)
  to   space 1024K, 0% used [0x00000000d6f00000,0x00000000d6f00000,0x00000000d7000000)
 ParOldGen       total 68608K, used 37821K [0x0000000080000000, 0x0000000084300000, 0x00000000d5580000)
  object space 68608K, 55% used [0x0000000080000000,0x00000000824ef668,0x0000000084300000)
 Metaspace       used 53493K, committed 54848K, reserved 1114112K
  class space    used 5864K, committed 6400K, reserved 1048576K
}
Event: 36.476 GC heap after
{Heap after GC invocations=26 (full 2):
 PSYoungGen      total 20992K, used 1016K [0x00000000d5580000, 0x00000000d7000000, 0x0000000100000000)
  eden space 19968K, 0% used [0x00000000d5580000,0x00000000d5580000,0x00000000d6900000)
  from space 1024K, 99% used [0x00000000d6f00000,0x00000000d6ffe1c8,0x00000000d7000000)
  to   space 2048K, 0% used [0x00000000d6c00000,0x00000000d6c00000,0x00000000d6e00000)
 ParOldGen       total 68608K, used 38604K [0x0000000080000000, 0x0000000084300000, 0x00000000d5580000)
  object space 68608K, 56% used [0x0000000080000000,0x00000000825b31e8,0x0000000084300000)
 Metaspace       used 53493K, committed 54848K, reserved 1114112K
  class space    used 5864K, committed 6400K, reserved 1048576K
}
Event: 36.651 GC heap before
{Heap before GC invocations=27 (full 2):
 PSYoungGen      total 20992K, used 20984K [0x00000000d5580000, 0x00000000d7000000, 0x0000000100000000)
  eden space 19968K, 100% used [0x00000000d5580000,0x00000000d6900000,0x00000000d6900000)
  from space 1024K, 99% used [0x00000000d6f00000,0x00000000d6ffe1c8,0x00000000d7000000)
  to   space 2048K, 0% used [0x00000000d6c00000,0x00000000d6c00000,0x00000000d6e00000)
 ParOldGen       total 68608K, used 38604K [0x0000000080000000, 0x0000000084300000, 0x00000000d5580000)
  object space 68608K, 56% used [0x0000000080000000,0x00000000825b31e8,0x0000000084300000)
 Metaspace       used 53834K, committed 55232K, reserved 1114112K
  class space    used 5904K, committed 6464K, reserved 1048576K
}

